2023-01-03 17:25:21,566 DEBUG [main] cache:45 - Couldn't find template in cache for "extent.ftl"("en_US", UTF-8, parsed); will try to load it.
 2023-01-03 17:25:21,570 DEBUG [main] cache:45 - TemplateLoader.findTemplateSource("extent_en_US.ftl"): Not found
 2023-01-03 17:25:21,572 DEBUG [main] cache:45 - TemplateLoader.findTemplateSource("extent_en.ftl"): Not found
 2023-01-03 17:25:21,639 DEBUG [main] cache:45 - TemplateLoader.findTemplateSource("extent.ftl"): Found
 2023-01-03 17:25:21,640 DEBUG [main] cache:45 - Loading template for "extent.ftl"("en_US", UTF-8, parsed) from "jar:file:/C:/Users/Shiva/.m2/repository/com/aventstack/extentreports/3.0.0/extentreports-3.0.0.jar!/com/aventstack/extentreports/view/extent.ftl"
 2023-01-03 17:25:22,878 DEBUG [main] cache:45 - Couldn't find template in cache for "head.ftl"("en_US", UTF-8, parsed); will try to load it.
 2023-01-03 17:25:22,880 DEBUG [main] cache:45 - TemplateLoader.findTemplateSource("head_en_US.ftl"): Not found
 2023-01-03 17:25:22,883 DEBUG [main] cache:45 - TemplateLoader.findTemplateSource("head_en.ftl"): Not found
 2023-01-03 17:25:22,885 DEBUG [main] cache:45 - TemplateLoader.findTemplateSource("head.ftl"): Found
 2023-01-03 17:25:22,886 DEBUG [main] cache:45 - Loading template for "head.ftl"("en_US", UTF-8, parsed) from "jar:file:/C:/Users/Shiva/.m2/repository/com/aventstack/extentreports/3.0.0/extentreports-3.0.0.jar!/com/aventstack/extentreports/view/head.ftl"
 2023-01-03 17:25:22,890 DEBUG [main] cache:45 - Couldn't find template in cache for "nav.ftl"("en_US", UTF-8, parsed); will try to load it.
 2023-01-03 17:25:22,892 DEBUG [main] cache:45 - TemplateLoader.findTemplateSource("nav_en_US.ftl"): Not found
 2023-01-03 17:25:22,893 DEBUG [main] cache:45 - TemplateLoader.findTemplateSource("nav_en.ftl"): Not found
 2023-01-03 17:25:22,894 DEBUG [main] cache:45 - TemplateLoader.findTemplateSource("nav.ftl"): Found
 2023-01-03 17:25:22,900 DEBUG [main] cache:45 - Loading template for "nav.ftl"("en_US", UTF-8, parsed) from "jar:file:/C:/Users/Shiva/.m2/repository/com/aventstack/extentreports/3.0.0/extentreports-3.0.0.jar!/com/aventstack/extentreports/view/nav.ftl"
 2023-01-03 17:25:23,188 DEBUG [main] cache:45 - Couldn't find template in cache for "test-view/test-view.ftl"("en_US", UTF-8, parsed); will try to load it.
 2023-01-03 17:25:23,201 DEBUG [main] cache:45 - TemplateLoader.findTemplateSource("test-view/test-view_en_US.ftl"): Not found
 2023-01-03 17:25:23,202 DEBUG [main] cache:45 - TemplateLoader.findTemplateSource("test-view/test-view_en.ftl"): Not found
 2023-01-03 17:25:23,412 DEBUG [main] cache:45 - TemplateLoader.findTemplateSource("test-view/test-view.ftl"): Found
 2023-01-03 17:25:23,414 DEBUG [main] cache:45 - Loading template for "test-view/test-view.ftl"("en_US", UTF-8, parsed) from "jar:file:/C:/Users/Shiva/.m2/repository/com/aventstack/extentreports/3.0.0/extentreports-3.0.0.jar!/com/aventstack/extentreports/view/test-view/test-view.ftl"
 2023-01-03 17:25:25,017 DEBUG [main] cache:45 - Couldn't find template in cache for "test-view/test-view-charts.ftl"("en_US", UTF-8, parsed); will try to load it.
 2023-01-03 17:25:25,020 DEBUG [main] cache:45 - TemplateLoader.findTemplateSource("test-view/test-view-charts_en_US.ftl"): Not found
 2023-01-03 17:25:25,021 DEBUG [main] cache:45 - TemplateLoader.findTemplateSource("test-view/test-view-charts_en.ftl"): Not found
 2023-01-03 17:25:25,022 DEBUG [main] cache:45 - TemplateLoader.findTemplateSource("test-view/test-view-charts.ftl"): Found
 2023-01-03 17:25:25,023 DEBUG [main] cache:45 - Loading template for "test-view/test-view-charts.ftl"("en_US", UTF-8, parsed) from "jar:file:/C:/Users/Shiva/.m2/repository/com/aventstack/extentreports/3.0.0/extentreports-3.0.0.jar!/com/aventstack/extentreports/view/test-view/test-view-charts.ftl"
 2023-01-03 17:25:25,050 DEBUG [main] cache:45 - Couldn't find template in cache for "test-view/standard.ftl"("en_US", UTF-8, parsed); will try to load it.
 2023-01-03 17:25:25,051 DEBUG [main] cache:45 - TemplateLoader.findTemplateSource("test-view/standard_en_US.ftl"): Not found
 2023-01-03 17:25:25,053 DEBUG [main] cache:45 - TemplateLoader.findTemplateSource("test-view/standard_en.ftl"): Not found
 2023-01-03 17:25:25,055 DEBUG [main] cache:45 - TemplateLoader.findTemplateSource("test-view/standard.ftl"): Found
 2023-01-03 17:25:25,056 DEBUG [main] cache:45 - Loading template for "test-view/standard.ftl"("en_US", UTF-8, parsed) from "jar:file:/C:/Users/Shiva/.m2/repository/com/aventstack/extentreports/3.0.0/extentreports-3.0.0.jar!/com/aventstack/extentreports/view/test-view/standard.ftl"
 2023-01-03 17:25:25,074 DEBUG [main] cache:45 - "test-view/standard.ftl"("en_US", UTF-8, parsed) cached copy not yet stale; using cached.
 2023-01-03 17:25:25,075 DEBUG [main] cache:45 - Couldn't find template in cache for "category-view/category-view.ftl"("en_US", UTF-8, parsed); will try to load it.
 2023-01-03 17:25:25,076 DEBUG [main] cache:45 - TemplateLoader.findTemplateSource("category-view/category-view_en_US.ftl"): Not found
 2023-01-03 17:25:25,077 DEBUG [main] cache:45 - TemplateLoader.findTemplateSource("category-view/category-view_en.ftl"): Not found
 2023-01-03 17:25:25,078 DEBUG [main] cache:45 - TemplateLoader.findTemplateSource("category-view/category-view.ftl"): Found
 2023-01-03 17:25:25,079 DEBUG [main] cache:45 - Loading template for "category-view/category-view.ftl"("en_US", UTF-8, parsed) from "jar:file:/C:/Users/Shiva/.m2/repository/com/aventstack/extentreports/3.0.0/extentreports-3.0.0.jar!/com/aventstack/extentreports/view/category-view/category-view.ftl"
 2023-01-03 17:25:25,084 DEBUG [main] cache:45 - Couldn't find template in cache for "exception-view/exception-view.ftl"("en_US", UTF-8, parsed); will try to load it.
 2023-01-03 17:25:25,085 DEBUG [main] cache:45 - TemplateLoader.findTemplateSource("exception-view/exception-view_en_US.ftl"): Not found
 2023-01-03 17:25:25,086 DEBUG [main] cache:45 - TemplateLoader.findTemplateSource("exception-view/exception-view_en.ftl"): Not found
 2023-01-03 17:25:25,087 DEBUG [main] cache:45 - TemplateLoader.findTemplateSource("exception-view/exception-view.ftl"): Found
 2023-01-03 17:25:25,089 DEBUG [main] cache:45 - Loading template for "exception-view/exception-view.ftl"("en_US", UTF-8, parsed) from "jar:file:/C:/Users/Shiva/.m2/repository/com/aventstack/extentreports/3.0.0/extentreports-3.0.0.jar!/com/aventstack/extentreports/view/exception-view/exception-view.ftl"
 2023-01-03 17:25:25,096 DEBUG [main] cache:45 - Couldn't find template in cache for "dashboard-view/dashboard-view.ftl"("en_US", UTF-8, parsed); will try to load it.
 2023-01-03 17:25:25,098 DEBUG [main] cache:45 - TemplateLoader.findTemplateSource("dashboard-view/dashboard-view_en_US.ftl"): Not found
 2023-01-03 17:25:25,166 DEBUG [main] cache:45 - TemplateLoader.findTemplateSource("dashboard-view/dashboard-view_en.ftl"): Not found
 2023-01-03 17:25:25,167 DEBUG [main] cache:45 - TemplateLoader.findTemplateSource("dashboard-view/dashboard-view.ftl"): Found
 2023-01-03 17:25:25,168 DEBUG [main] cache:45 - Loading template for "dashboard-view/dashboard-view.ftl"("en_US", UTF-8, parsed) from "jar:file:/C:/Users/Shiva/.m2/repository/com/aventstack/extentreports/3.0.0/extentreports-3.0.0.jar!/com/aventstack/extentreports/view/dashboard-view/dashboard-view.ftl"
 2023-01-03 17:25:25,246 ERROR [main] runtime:60 - Error executing FreeMarker template
 FreeMarker template error:
The following has evaluated to null or missing:
==> sa.value  [in template "dashboard-view/dashboard-view.ftl" at line 57, column 64]

----
Tip: It's the step after the last dot that caused this error, not those before it.
----
Tip: If the failing expression is known to be legally refer to something that's sometimes null or missing, either specify a default value like myOptionalVar!myDefault, or use <#if myOptionalVar??>when-present<#else>when-missing</#if>. (These only cover the last step of the expression; to cover the whole expression, use parenthesis: (myOptionalVar.foo)!myDefault, (myOptionalVar.foo)??
----

----
FTL stack trace ("~" means nesting-related):
	- Failed at: ${sa.value}  [in template "dashboard-view/dashboard-view.ftl" at line 57, column 61]
	- Reached through: #include "dashboard-view/dashboard-vi...  [in template "extent.ftl" at line 45, column 25]
----

Java stack trace (for programmers):
----
freemarker.core.InvalidReferenceException: [... Exception message was already printed; see it above ...]
	at freemarker.core.InvalidReferenceException.getInstance(InvalidReferenceException.java:131)
	at freemarker.core.EvalUtil.coerceModelToString(EvalUtil.java:355)
	at freemarker.core.Expression.evalAndCoerceToString(Expression.java:82)
	at freemarker.core.DollarVariable.accept(DollarVariable.java:41)
	at freemarker.core.Environment.visit(Environment.java:324)
	at freemarker.core.MixedContent.accept(MixedContent.java:54)
	at freemarker.core.Environment.visitByHiddingParent(Environment.java:345)
	at freemarker.core.IteratorBlock$IterationContext.executeNestedBlockInner(IteratorBlock.java:268)
	at freemarker.core.IteratorBlock$IterationContext.executeNestedBlock(IteratorBlock.java:220)
	at freemarker.core.IteratorBlock$IterationContext.accept(IteratorBlock.java:194)
	at freemarker.core.Environment.visitIteratorBlock(Environment.java:572)
	at freemarker.core.IteratorBlock.acceptWithResult(IteratorBlock.java:78)
	at freemarker.core.IteratorBlock.accept(IteratorBlock.java:64)
	at freemarker.core.Environment.visit(Environment.java:324)
	at freemarker.core.MixedContent.accept(MixedContent.java:54)
	at freemarker.core.Environment.visitByHiddingParent(Environment.java:345)
	at freemarker.core.ConditionalBlock.accept(ConditionalBlock.java:48)
	at freemarker.core.Environment.visit(Environment.java:324)
	at freemarker.core.MixedContent.accept(MixedContent.java:54)
	at freemarker.core.Environment.visit(Environment.java:324)
	at freemarker.core.Environment.include(Environment.java:2072)
	at freemarker.core.Include.accept(Include.java:167)
	at freemarker.core.Environment.visit(Environment.java:324)
	at freemarker.core.MixedContent.accept(MixedContent.java:54)
	at freemarker.core.Environment.visit(Environment.java:324)
	at freemarker.core.Environment.process(Environment.java:302)
	at freemarker.template.Template.process(Template.java:325)
	at com.aventstack.extentreports.reporter.ExtentHtmlReporter.flush(ExtentHtmlReporter.java:121)
	at java.base/java.util.ArrayList.forEach(ArrayList.java:1511)
	at com.aventstack.extentreports.Report.notifyReporters(Report.java:165)
	at com.aventstack.extentreports.Report.flush(Report.java:122)
	at com.aventstack.extentreports.ExtentReports.flush(ExtentReports.java:257)
	at Tests.TestBase.quit(TestBase.java:112)
	at java.base/jdk.internal.reflect.NativeMethodAccessorImpl.invoke0(Native Method)
	at java.base/jdk.internal.reflect.NativeMethodAccessorImpl.invoke(NativeMethodAccessorImpl.java:77)
	at java.base/jdk.internal.reflect.DelegatingMethodAccessorImpl.invoke(DelegatingMethodAccessorImpl.java:43)
	at java.base/java.lang.reflect.Method.invoke(Method.java:568)
	at org.testng.internal.invokers.MethodInvocationHelper.invokeMethod(MethodInvocationHelper.java:139)
	at org.testng.internal.invokers.MethodInvocationHelper.invokeMethodConsideringTimeout(MethodInvocationHelper.java:69)
	at org.testng.internal.invokers.ConfigInvoker.invokeConfigurationMethod(ConfigInvoker.java:361)
	at org.testng.internal.invokers.ConfigInvoker.invokeConfigurations(ConfigInvoker.java:296)
	at org.testng.SuiteRunner.privateRun(SuiteRunner.java:404)
	at org.testng.SuiteRunner.run(SuiteRunner.java:330)
	at org.testng.SuiteRunnerWorker.runSuite(SuiteRunnerWorker.java:52)
	at org.testng.SuiteRunnerWorker.run(SuiteRunnerWorker.java:95)
	at org.testng.TestNG.runSuitesSequentially(TestNG.java:1256)
	at org.testng.TestNG.runSuitesLocally(TestNG.java:1176)
	at org.testng.TestNG.runSuites(TestNG.java:1099)
	at org.testng.TestNG.run(TestNG.java:1067)
	at com.intellij.rt.testng.IDEARemoteTestNG.run(IDEARemoteTestNG.java:66)
	at com.intellij.rt.testng.RemoteTestNGStarter.main(RemoteTestNGStarter.java:109)
2023-01-03 17:27:29,909 DEBUG [main] cache:45 - Couldn't find template in cache for "extent.ftl"("en_US", UTF-8, parsed); will try to load it.
 2023-01-03 17:27:29,915 DEBUG [main] cache:45 - TemplateLoader.findTemplateSource("extent_en_US.ftl"): Not found
 2023-01-03 17:27:29,917 DEBUG [main] cache:45 - TemplateLoader.findTemplateSource("extent_en.ftl"): Not found
 2023-01-03 17:27:29,919 DEBUG [main] cache:45 - TemplateLoader.findTemplateSource("extent.ftl"): Found
 2023-01-03 17:27:29,920 DEBUG [main] cache:45 - Loading template for "extent.ftl"("en_US", UTF-8, parsed) from "jar:file:/C:/Users/Shiva/.m2/repository/com/aventstack/extentreports/3.0.0/extentreports-3.0.0.jar!/com/aventstack/extentreports/view/extent.ftl"
 2023-01-03 17:27:30,142 DEBUG [main] cache:45 - Couldn't find template in cache for "head.ftl"("en_US", UTF-8, parsed); will try to load it.
 2023-01-03 17:27:30,148 DEBUG [main] cache:45 - TemplateLoader.findTemplateSource("head_en_US.ftl"): Not found
 2023-01-03 17:27:30,150 DEBUG [main] cache:45 - TemplateLoader.findTemplateSource("head_en.ftl"): Not found
 2023-01-03 17:27:30,152 DEBUG [main] cache:45 - TemplateLoader.findTemplateSource("head.ftl"): Found
 2023-01-03 17:27:30,153 DEBUG [main] cache:45 - Loading template for "head.ftl"("en_US", UTF-8, parsed) from "jar:file:/C:/Users/Shiva/.m2/repository/com/aventstack/extentreports/3.0.0/extentreports-3.0.0.jar!/com/aventstack/extentreports/view/head.ftl"
 2023-01-03 17:27:30,156 DEBUG [main] cache:45 - Couldn't find template in cache for "nav.ftl"("en_US", UTF-8, parsed); will try to load it.
 2023-01-03 17:27:30,159 DEBUG [main] cache:45 - TemplateLoader.findTemplateSource("nav_en_US.ftl"): Not found
 2023-01-03 17:27:30,160 DEBUG [main] cache:45 - TemplateLoader.findTemplateSource("nav_en.ftl"): Not found
 2023-01-03 17:27:30,161 DEBUG [main] cache:45 - TemplateLoader.findTemplateSource("nav.ftl"): Found
 2023-01-03 17:27:30,162 DEBUG [main] cache:45 - Loading template for "nav.ftl"("en_US", UTF-8, parsed) from "jar:file:/C:/Users/Shiva/.m2/repository/com/aventstack/extentreports/3.0.0/extentreports-3.0.0.jar!/com/aventstack/extentreports/view/nav.ftl"
 2023-01-03 17:27:30,175 DEBUG [main] cache:45 - Couldn't find template in cache for "test-view/test-view.ftl"("en_US", UTF-8, parsed); will try to load it.
 2023-01-03 17:27:30,178 DEBUG [main] cache:45 - TemplateLoader.findTemplateSource("test-view/test-view_en_US.ftl"): Not found
 2023-01-03 17:27:30,179 DEBUG [main] cache:45 - TemplateLoader.findTemplateSource("test-view/test-view_en.ftl"): Not found
 2023-01-03 17:27:30,180 DEBUG [main] cache:45 - TemplateLoader.findTemplateSource("test-view/test-view.ftl"): Found
 2023-01-03 17:27:30,181 DEBUG [main] cache:45 - Loading template for "test-view/test-view.ftl"("en_US", UTF-8, parsed) from "jar:file:/C:/Users/Shiva/.m2/repository/com/aventstack/extentreports/3.0.0/extentreports-3.0.0.jar!/com/aventstack/extentreports/view/test-view/test-view.ftl"
 2023-01-03 17:27:30,239 DEBUG [main] cache:45 - Couldn't find template in cache for "test-view/test-view-charts.ftl"("en_US", UTF-8, parsed); will try to load it.
 2023-01-03 17:27:30,241 DEBUG [main] cache:45 - TemplateLoader.findTemplateSource("test-view/test-view-charts_en_US.ftl"): Not found
 2023-01-03 17:27:30,242 DEBUG [main] cache:45 - TemplateLoader.findTemplateSource("test-view/test-view-charts_en.ftl"): Not found
 2023-01-03 17:27:30,244 DEBUG [main] cache:45 - TemplateLoader.findTemplateSource("test-view/test-view-charts.ftl"): Found
 2023-01-03 17:27:30,244 DEBUG [main] cache:45 - Loading template for "test-view/test-view-charts.ftl"("en_US", UTF-8, parsed) from "jar:file:/C:/Users/Shiva/.m2/repository/com/aventstack/extentreports/3.0.0/extentreports-3.0.0.jar!/com/aventstack/extentreports/view/test-view/test-view-charts.ftl"
 2023-01-03 17:27:30,264 DEBUG [main] cache:45 - Couldn't find template in cache for "test-view/standard.ftl"("en_US", UTF-8, parsed); will try to load it.
 2023-01-03 17:27:30,265 DEBUG [main] cache:45 - TemplateLoader.findTemplateSource("test-view/standard_en_US.ftl"): Not found
 2023-01-03 17:27:30,267 DEBUG [main] cache:45 - TemplateLoader.findTemplateSource("test-view/standard_en.ftl"): Not found
 2023-01-03 17:27:30,289 DEBUG [main] cache:45 - TemplateLoader.findTemplateSource("test-view/standard.ftl"): Found
 2023-01-03 17:27:30,294 DEBUG [main] cache:45 - Loading template for "test-view/standard.ftl"("en_US", UTF-8, parsed) from "jar:file:/C:/Users/Shiva/.m2/repository/com/aventstack/extentreports/3.0.0/extentreports-3.0.0.jar!/com/aventstack/extentreports/view/test-view/standard.ftl"
 2023-01-03 17:27:30,311 DEBUG [main] cache:45 - "test-view/standard.ftl"("en_US", UTF-8, parsed) cached copy not yet stale; using cached.
 2023-01-03 17:27:30,313 DEBUG [main] cache:45 - Couldn't find template in cache for "category-view/category-view.ftl"("en_US", UTF-8, parsed); will try to load it.
 2023-01-03 17:27:30,314 DEBUG [main] cache:45 - TemplateLoader.findTemplateSource("category-view/category-view_en_US.ftl"): Not found
 2023-01-03 17:27:30,315 DEBUG [main] cache:45 - TemplateLoader.findTemplateSource("category-view/category-view_en.ftl"): Not found
 2023-01-03 17:27:30,316 DEBUG [main] cache:45 - TemplateLoader.findTemplateSource("category-view/category-view.ftl"): Found
 2023-01-03 17:27:30,317 DEBUG [main] cache:45 - Loading template for "category-view/category-view.ftl"("en_US", UTF-8, parsed) from "jar:file:/C:/Users/Shiva/.m2/repository/com/aventstack/extentreports/3.0.0/extentreports-3.0.0.jar!/com/aventstack/extentreports/view/category-view/category-view.ftl"
 2023-01-03 17:27:30,325 DEBUG [main] cache:45 - Couldn't find template in cache for "exception-view/exception-view.ftl"("en_US", UTF-8, parsed); will try to load it.
 2023-01-03 17:27:30,327 DEBUG [main] cache:45 - TemplateLoader.findTemplateSource("exception-view/exception-view_en_US.ftl"): Not found
 2023-01-03 17:27:30,328 DEBUG [main] cache:45 - TemplateLoader.findTemplateSource("exception-view/exception-view_en.ftl"): Not found
 2023-01-03 17:27:30,329 DEBUG [main] cache:45 - TemplateLoader.findTemplateSource("exception-view/exception-view.ftl"): Found
 2023-01-03 17:27:30,330 DEBUG [main] cache:45 - Loading template for "exception-view/exception-view.ftl"("en_US", UTF-8, parsed) from "jar:file:/C:/Users/Shiva/.m2/repository/com/aventstack/extentreports/3.0.0/extentreports-3.0.0.jar!/com/aventstack/extentreports/view/exception-view/exception-view.ftl"
 2023-01-03 17:27:30,336 DEBUG [main] cache:45 - Couldn't find template in cache for "dashboard-view/dashboard-view.ftl"("en_US", UTF-8, parsed); will try to load it.
 2023-01-03 17:27:30,337 DEBUG [main] cache:45 - TemplateLoader.findTemplateSource("dashboard-view/dashboard-view_en_US.ftl"): Not found
 2023-01-03 17:27:30,338 DEBUG [main] cache:45 - TemplateLoader.findTemplateSource("dashboard-view/dashboard-view_en.ftl"): Not found
 2023-01-03 17:27:30,339 DEBUG [main] cache:45 - TemplateLoader.findTemplateSource("dashboard-view/dashboard-view.ftl"): Found
 2023-01-03 17:27:30,340 DEBUG [main] cache:45 - Loading template for "dashboard-view/dashboard-view.ftl"("en_US", UTF-8, parsed) from "jar:file:/C:/Users/Shiva/.m2/repository/com/aventstack/extentreports/3.0.0/extentreports-3.0.0.jar!/com/aventstack/extentreports/view/dashboard-view/dashboard-view.ftl"
 2023-01-03 17:27:30,395 ERROR [main] runtime:60 - Error executing FreeMarker template
 FreeMarker template error:
The following has evaluated to null or missing:
==> sa.value  [in template "dashboard-view/dashboard-view.ftl" at line 57, column 64]

----
Tip: It's the step after the last dot that caused this error, not those before it.
----
Tip: If the failing expression is known to be legally refer to something that's sometimes null or missing, either specify a default value like myOptionalVar!myDefault, or use <#if myOptionalVar??>when-present<#else>when-missing</#if>. (These only cover the last step of the expression; to cover the whole expression, use parenthesis: (myOptionalVar.foo)!myDefault, (myOptionalVar.foo)??
----

----
FTL stack trace ("~" means nesting-related):
	- Failed at: ${sa.value}  [in template "dashboard-view/dashboard-view.ftl" at line 57, column 61]
	- Reached through: #include "dashboard-view/dashboard-vi...  [in template "extent.ftl" at line 45, column 25]
----

Java stack trace (for programmers):
----
freemarker.core.InvalidReferenceException: [... Exception message was already printed; see it above ...]
	at freemarker.core.InvalidReferenceException.getInstance(InvalidReferenceException.java:131)
	at freemarker.core.EvalUtil.coerceModelToString(EvalUtil.java:355)
	at freemarker.core.Expression.evalAndCoerceToString(Expression.java:82)
	at freemarker.core.DollarVariable.accept(DollarVariable.java:41)
	at freemarker.core.Environment.visit(Environment.java:324)
	at freemarker.core.MixedContent.accept(MixedContent.java:54)
	at freemarker.core.Environment.visitByHiddingParent(Environment.java:345)
	at freemarker.core.IteratorBlock$IterationContext.executeNestedBlockInner(IteratorBlock.java:268)
	at freemarker.core.IteratorBlock$IterationContext.executeNestedBlock(IteratorBlock.java:220)
	at freemarker.core.IteratorBlock$IterationContext.accept(IteratorBlock.java:194)
	at freemarker.core.Environment.visitIteratorBlock(Environment.java:572)
	at freemarker.core.IteratorBlock.acceptWithResult(IteratorBlock.java:78)
	at freemarker.core.IteratorBlock.accept(IteratorBlock.java:64)
	at freemarker.core.Environment.visit(Environment.java:324)
	at freemarker.core.MixedContent.accept(MixedContent.java:54)
	at freemarker.core.Environment.visitByHiddingParent(Environment.java:345)
	at freemarker.core.ConditionalBlock.accept(ConditionalBlock.java:48)
	at freemarker.core.Environment.visit(Environment.java:324)
	at freemarker.core.MixedContent.accept(MixedContent.java:54)
	at freemarker.core.Environment.visit(Environment.java:324)
	at freemarker.core.Environment.include(Environment.java:2072)
	at freemarker.core.Include.accept(Include.java:167)
	at freemarker.core.Environment.visit(Environment.java:324)
	at freemarker.core.MixedContent.accept(MixedContent.java:54)
	at freemarker.core.Environment.visit(Environment.java:324)
	at freemarker.core.Environment.process(Environment.java:302)
	at freemarker.template.Template.process(Template.java:325)
	at com.aventstack.extentreports.reporter.ExtentHtmlReporter.flush(ExtentHtmlReporter.java:121)
	at java.base/java.util.ArrayList.forEach(ArrayList.java:1511)
	at com.aventstack.extentreports.Report.notifyReporters(Report.java:165)
	at com.aventstack.extentreports.Report.flush(Report.java:122)
	at com.aventstack.extentreports.ExtentReports.flush(ExtentReports.java:257)
	at Tests.TestBase.quit(TestBase.java:112)
	at java.base/jdk.internal.reflect.NativeMethodAccessorImpl.invoke0(Native Method)
	at java.base/jdk.internal.reflect.NativeMethodAccessorImpl.invoke(NativeMethodAccessorImpl.java:77)
	at java.base/jdk.internal.reflect.DelegatingMethodAccessorImpl.invoke(DelegatingMethodAccessorImpl.java:43)
	at java.base/java.lang.reflect.Method.invoke(Method.java:568)
	at org.testng.internal.invokers.MethodInvocationHelper.invokeMethod(MethodInvocationHelper.java:139)
	at org.testng.internal.invokers.MethodInvocationHelper.invokeMethodConsideringTimeout(MethodInvocationHelper.java:69)
	at org.testng.internal.invokers.ConfigInvoker.invokeConfigurationMethod(ConfigInvoker.java:361)
	at org.testng.internal.invokers.ConfigInvoker.invokeConfigurations(ConfigInvoker.java:296)
	at org.testng.SuiteRunner.privateRun(SuiteRunner.java:404)
	at org.testng.SuiteRunner.run(SuiteRunner.java:330)
	at org.testng.SuiteRunnerWorker.runSuite(SuiteRunnerWorker.java:52)
	at org.testng.SuiteRunnerWorker.run(SuiteRunnerWorker.java:95)
	at org.testng.TestNG.runSuitesSequentially(TestNG.java:1256)
	at org.testng.TestNG.runSuitesLocally(TestNG.java:1176)
	at org.testng.TestNG.runSuites(TestNG.java:1099)
	at org.testng.TestNG.run(TestNG.java:1067)
	at com.intellij.rt.testng.IDEARemoteTestNG.run(IDEARemoteTestNG.java:66)
	at com.intellij.rt.testng.RemoteTestNGStarter.main(RemoteTestNGStarter.java:109)
2023-01-03 17:31:55,135 DEBUG [main] cache:45 - Couldn't find template in cache for "extent.ftl"("en_US", UTF-8, parsed); will try to load it.
 2023-01-03 17:31:55,139 DEBUG [main] cache:45 - TemplateLoader.findTemplateSource("extent_en_US.ftl"): Not found
 2023-01-03 17:31:55,142 DEBUG [main] cache:45 - TemplateLoader.findTemplateSource("extent_en.ftl"): Not found
 2023-01-03 17:31:55,143 DEBUG [main] cache:45 - TemplateLoader.findTemplateSource("extent.ftl"): Found
 2023-01-03 17:31:55,144 DEBUG [main] cache:45 - Loading template for "extent.ftl"("en_US", UTF-8, parsed) from "jar:file:/C:/Users/Shiva/.m2/repository/com/aventstack/extentreports/3.0.0/extentreports-3.0.0.jar!/com/aventstack/extentreports/view/extent.ftl"
 2023-01-03 17:31:55,425 DEBUG [main] cache:45 - Couldn't find template in cache for "head.ftl"("en_US", UTF-8, parsed); will try to load it.
 2023-01-03 17:31:55,426 DEBUG [main] cache:45 - TemplateLoader.findTemplateSource("head_en_US.ftl"): Not found
 2023-01-03 17:31:55,427 DEBUG [main] cache:45 - TemplateLoader.findTemplateSource("head_en.ftl"): Not found
 2023-01-03 17:31:55,428 DEBUG [main] cache:45 - TemplateLoader.findTemplateSource("head.ftl"): Found
 2023-01-03 17:31:55,429 DEBUG [main] cache:45 - Loading template for "head.ftl"("en_US", UTF-8, parsed) from "jar:file:/C:/Users/Shiva/.m2/repository/com/aventstack/extentreports/3.0.0/extentreports-3.0.0.jar!/com/aventstack/extentreports/view/head.ftl"
 2023-01-03 17:31:55,432 DEBUG [main] cache:45 - Couldn't find template in cache for "nav.ftl"("en_US", UTF-8, parsed); will try to load it.
 2023-01-03 17:31:55,433 DEBUG [main] cache:45 - TemplateLoader.findTemplateSource("nav_en_US.ftl"): Not found
 2023-01-03 17:31:55,434 DEBUG [main] cache:45 - TemplateLoader.findTemplateSource("nav_en.ftl"): Not found
 2023-01-03 17:31:55,435 DEBUG [main] cache:45 - TemplateLoader.findTemplateSource("nav.ftl"): Found
 2023-01-03 17:31:55,436 DEBUG [main] cache:45 - Loading template for "nav.ftl"("en_US", UTF-8, parsed) from "jar:file:/C:/Users/Shiva/.m2/repository/com/aventstack/extentreports/3.0.0/extentreports-3.0.0.jar!/com/aventstack/extentreports/view/nav.ftl"
 2023-01-03 17:31:55,445 DEBUG [main] cache:45 - Couldn't find template in cache for "test-view/test-view.ftl"("en_US", UTF-8, parsed); will try to load it.
 2023-01-03 17:31:55,447 DEBUG [main] cache:45 - TemplateLoader.findTemplateSource("test-view/test-view_en_US.ftl"): Not found
 2023-01-03 17:31:55,448 DEBUG [main] cache:45 - TemplateLoader.findTemplateSource("test-view/test-view_en.ftl"): Not found
 2023-01-03 17:31:55,449 DEBUG [main] cache:45 - TemplateLoader.findTemplateSource("test-view/test-view.ftl"): Found
 2023-01-03 17:31:55,450 DEBUG [main] cache:45 - Loading template for "test-view/test-view.ftl"("en_US", UTF-8, parsed) from "jar:file:/C:/Users/Shiva/.m2/repository/com/aventstack/extentreports/3.0.0/extentreports-3.0.0.jar!/com/aventstack/extentreports/view/test-view/test-view.ftl"
 2023-01-03 17:31:55,562 DEBUG [main] cache:45 - Couldn't find template in cache for "test-view/test-view-charts.ftl"("en_US", UTF-8, parsed); will try to load it.
 2023-01-03 17:31:55,563 DEBUG [main] cache:45 - TemplateLoader.findTemplateSource("test-view/test-view-charts_en_US.ftl"): Not found
 2023-01-03 17:31:55,564 DEBUG [main] cache:45 - TemplateLoader.findTemplateSource("test-view/test-view-charts_en.ftl"): Not found
 2023-01-03 17:31:55,565 DEBUG [main] cache:45 - TemplateLoader.findTemplateSource("test-view/test-view-charts.ftl"): Found
 2023-01-03 17:31:55,566 DEBUG [main] cache:45 - Loading template for "test-view/test-view-charts.ftl"("en_US", UTF-8, parsed) from "jar:file:/C:/Users/Shiva/.m2/repository/com/aventstack/extentreports/3.0.0/extentreports-3.0.0.jar!/com/aventstack/extentreports/view/test-view/test-view-charts.ftl"
 2023-01-03 17:31:55,582 DEBUG [main] cache:45 - Couldn't find template in cache for "test-view/standard.ftl"("en_US", UTF-8, parsed); will try to load it.
 2023-01-03 17:31:55,583 DEBUG [main] cache:45 - TemplateLoader.findTemplateSource("test-view/standard_en_US.ftl"): Not found
 2023-01-03 17:31:55,585 DEBUG [main] cache:45 - TemplateLoader.findTemplateSource("test-view/standard_en.ftl"): Not found
 2023-01-03 17:31:55,586 DEBUG [main] cache:45 - TemplateLoader.findTemplateSource("test-view/standard.ftl"): Found
 2023-01-03 17:31:55,586 DEBUG [main] cache:45 - Loading template for "test-view/standard.ftl"("en_US", UTF-8, parsed) from "jar:file:/C:/Users/Shiva/.m2/repository/com/aventstack/extentreports/3.0.0/extentreports-3.0.0.jar!/com/aventstack/extentreports/view/test-view/standard.ftl"
 2023-01-03 17:31:55,602 DEBUG [main] cache:45 - "test-view/standard.ftl"("en_US", UTF-8, parsed) cached copy not yet stale; using cached.
 2023-01-03 17:31:55,604 DEBUG [main] cache:45 - Couldn't find template in cache for "category-view/category-view.ftl"("en_US", UTF-8, parsed); will try to load it.
 2023-01-03 17:31:55,605 DEBUG [main] cache:45 - TemplateLoader.findTemplateSource("category-view/category-view_en_US.ftl"): Not found
 2023-01-03 17:31:55,606 DEBUG [main] cache:45 - TemplateLoader.findTemplateSource("category-view/category-view_en.ftl"): Not found
 2023-01-03 17:31:55,607 DEBUG [main] cache:45 - TemplateLoader.findTemplateSource("category-view/category-view.ftl"): Found
 2023-01-03 17:31:55,608 DEBUG [main] cache:45 - Loading template for "category-view/category-view.ftl"("en_US", UTF-8, parsed) from "jar:file:/C:/Users/Shiva/.m2/repository/com/aventstack/extentreports/3.0.0/extentreports-3.0.0.jar!/com/aventstack/extentreports/view/category-view/category-view.ftl"
 2023-01-03 17:31:55,613 DEBUG [main] cache:45 - Couldn't find template in cache for "exception-view/exception-view.ftl"("en_US", UTF-8, parsed); will try to load it.
 2023-01-03 17:31:55,614 DEBUG [main] cache:45 - TemplateLoader.findTemplateSource("exception-view/exception-view_en_US.ftl"): Not found
 2023-01-03 17:31:55,615 DEBUG [main] cache:45 - TemplateLoader.findTemplateSource("exception-view/exception-view_en.ftl"): Not found
 2023-01-03 17:31:55,617 DEBUG [main] cache:45 - TemplateLoader.findTemplateSource("exception-view/exception-view.ftl"): Found
 2023-01-03 17:31:55,618 DEBUG [main] cache:45 - Loading template for "exception-view/exception-view.ftl"("en_US", UTF-8, parsed) from "jar:file:/C:/Users/Shiva/.m2/repository/com/aventstack/extentreports/3.0.0/extentreports-3.0.0.jar!/com/aventstack/extentreports/view/exception-view/exception-view.ftl"
 2023-01-03 17:31:55,622 DEBUG [main] cache:45 - Couldn't find template in cache for "dashboard-view/dashboard-view.ftl"("en_US", UTF-8, parsed); will try to load it.
 2023-01-03 17:31:55,625 DEBUG [main] cache:45 - TemplateLoader.findTemplateSource("dashboard-view/dashboard-view_en_US.ftl"): Not found
 2023-01-03 17:31:55,627 DEBUG [main] cache:45 - TemplateLoader.findTemplateSource("dashboard-view/dashboard-view_en.ftl"): Not found
 2023-01-03 17:31:55,627 DEBUG [main] cache:45 - TemplateLoader.findTemplateSource("dashboard-view/dashboard-view.ftl"): Found
 2023-01-03 17:31:55,628 DEBUG [main] cache:45 - Loading template for "dashboard-view/dashboard-view.ftl"("en_US", UTF-8, parsed) from "jar:file:/C:/Users/Shiva/.m2/repository/com/aventstack/extentreports/3.0.0/extentreports-3.0.0.jar!/com/aventstack/extentreports/view/dashboard-view/dashboard-view.ftl"
 2023-01-03 17:31:55,658 ERROR [main] runtime:60 - Error executing FreeMarker template
 FreeMarker template error:
The following has evaluated to null or missing:
==> sa.value  [in template "dashboard-view/dashboard-view.ftl" at line 57, column 64]

----
Tip: It's the step after the last dot that caused this error, not those before it.
----
Tip: If the failing expression is known to be legally refer to something that's sometimes null or missing, either specify a default value like myOptionalVar!myDefault, or use <#if myOptionalVar??>when-present<#else>when-missing</#if>. (These only cover the last step of the expression; to cover the whole expression, use parenthesis: (myOptionalVar.foo)!myDefault, (myOptionalVar.foo)??
----

----
FTL stack trace ("~" means nesting-related):
	- Failed at: ${sa.value}  [in template "dashboard-view/dashboard-view.ftl" at line 57, column 61]
	- Reached through: #include "dashboard-view/dashboard-vi...  [in template "extent.ftl" at line 45, column 25]
----

Java stack trace (for programmers):
----
freemarker.core.InvalidReferenceException: [... Exception message was already printed; see it above ...]
	at freemarker.core.InvalidReferenceException.getInstance(InvalidReferenceException.java:131)
	at freemarker.core.EvalUtil.coerceModelToString(EvalUtil.java:355)
	at freemarker.core.Expression.evalAndCoerceToString(Expression.java:82)
	at freemarker.core.DollarVariable.accept(DollarVariable.java:41)
	at freemarker.core.Environment.visit(Environment.java:324)
	at freemarker.core.MixedContent.accept(MixedContent.java:54)
	at freemarker.core.Environment.visitByHiddingParent(Environment.java:345)
	at freemarker.core.IteratorBlock$IterationContext.executeNestedBlockInner(IteratorBlock.java:268)
	at freemarker.core.IteratorBlock$IterationContext.executeNestedBlock(IteratorBlock.java:220)
	at freemarker.core.IteratorBlock$IterationContext.accept(IteratorBlock.java:194)
	at freemarker.core.Environment.visitIteratorBlock(Environment.java:572)
	at freemarker.core.IteratorBlock.acceptWithResult(IteratorBlock.java:78)
	at freemarker.core.IteratorBlock.accept(IteratorBlock.java:64)
	at freemarker.core.Environment.visit(Environment.java:324)
	at freemarker.core.MixedContent.accept(MixedContent.java:54)
	at freemarker.core.Environment.visitByHiddingParent(Environment.java:345)
	at freemarker.core.ConditionalBlock.accept(ConditionalBlock.java:48)
	at freemarker.core.Environment.visit(Environment.java:324)
	at freemarker.core.MixedContent.accept(MixedContent.java:54)
	at freemarker.core.Environment.visit(Environment.java:324)
	at freemarker.core.Environment.include(Environment.java:2072)
	at freemarker.core.Include.accept(Include.java:167)
	at freemarker.core.Environment.visit(Environment.java:324)
	at freemarker.core.MixedContent.accept(MixedContent.java:54)
	at freemarker.core.Environment.visit(Environment.java:324)
	at freemarker.core.Environment.process(Environment.java:302)
	at freemarker.template.Template.process(Template.java:325)
	at com.aventstack.extentreports.reporter.ExtentHtmlReporter.flush(ExtentHtmlReporter.java:121)
	at java.base/java.util.ArrayList.forEach(ArrayList.java:1511)
	at com.aventstack.extentreports.Report.notifyReporters(Report.java:165)
	at com.aventstack.extentreports.Report.flush(Report.java:122)
	at com.aventstack.extentreports.ExtentReports.flush(ExtentReports.java:257)
	at Tests.TestBase.quit(TestBase.java:113)
	at java.base/jdk.internal.reflect.NativeMethodAccessorImpl.invoke0(Native Method)
	at java.base/jdk.internal.reflect.NativeMethodAccessorImpl.invoke(NativeMethodAccessorImpl.java:77)
	at java.base/jdk.internal.reflect.DelegatingMethodAccessorImpl.invoke(DelegatingMethodAccessorImpl.java:43)
	at java.base/java.lang.reflect.Method.invoke(Method.java:568)
	at org.testng.internal.invokers.MethodInvocationHelper.invokeMethod(MethodInvocationHelper.java:139)
	at org.testng.internal.invokers.MethodInvocationHelper.invokeMethodConsideringTimeout(MethodInvocationHelper.java:69)
	at org.testng.internal.invokers.ConfigInvoker.invokeConfigurationMethod(ConfigInvoker.java:361)
	at org.testng.internal.invokers.ConfigInvoker.invokeConfigurations(ConfigInvoker.java:296)
	at org.testng.SuiteRunner.privateRun(SuiteRunner.java:404)
	at org.testng.SuiteRunner.run(SuiteRunner.java:330)
	at org.testng.SuiteRunnerWorker.runSuite(SuiteRunnerWorker.java:52)
	at org.testng.SuiteRunnerWorker.run(SuiteRunnerWorker.java:95)
	at org.testng.TestNG.runSuitesSequentially(TestNG.java:1256)
	at org.testng.TestNG.runSuitesLocally(TestNG.java:1176)
	at org.testng.TestNG.runSuites(TestNG.java:1099)
	at org.testng.TestNG.run(TestNG.java:1067)
	at com.intellij.rt.testng.IDEARemoteTestNG.run(IDEARemoteTestNG.java:66)
	at com.intellij.rt.testng.RemoteTestNGStarter.main(RemoteTestNGStarter.java:109)
2023-01-03 17:39:10,622 DEBUG [main] cache:45 - Couldn't find template in cache for "extent.ftl"("en_US", UTF-8, parsed); will try to load it.
 2023-01-03 17:39:10,759 DEBUG [main] cache:45 - TemplateLoader.findTemplateSource("extent_en_US.ftl"): Not found
 2023-01-03 17:39:10,761 DEBUG [main] cache:45 - TemplateLoader.findTemplateSource("extent_en.ftl"): Not found
 2023-01-03 17:39:10,923 DEBUG [main] cache:45 - TemplateLoader.findTemplateSource("extent.ftl"): Found
 2023-01-03 17:39:10,926 DEBUG [main] cache:45 - Loading template for "extent.ftl"("en_US", UTF-8, parsed) from "jar:file:/C:/Users/Shiva/.m2/repository/com/aventstack/extentreports/3.0.0/extentreports-3.0.0.jar!/com/aventstack/extentreports/view/extent.ftl"
 2023-01-03 17:39:11,988 DEBUG [main] cache:45 - Couldn't find template in cache for "head.ftl"("en_US", UTF-8, parsed); will try to load it.
 2023-01-03 17:39:11,989 DEBUG [main] cache:45 - TemplateLoader.findTemplateSource("head_en_US.ftl"): Not found
 2023-01-03 17:39:11,990 DEBUG [main] cache:45 - TemplateLoader.findTemplateSource("head_en.ftl"): Not found
 2023-01-03 17:39:11,991 DEBUG [main] cache:45 - TemplateLoader.findTemplateSource("head.ftl"): Found
 2023-01-03 17:39:11,992 DEBUG [main] cache:45 - Loading template for "head.ftl"("en_US", UTF-8, parsed) from "jar:file:/C:/Users/Shiva/.m2/repository/com/aventstack/extentreports/3.0.0/extentreports-3.0.0.jar!/com/aventstack/extentreports/view/head.ftl"
 2023-01-03 17:39:11,995 DEBUG [main] cache:45 - Couldn't find template in cache for "nav.ftl"("en_US", UTF-8, parsed); will try to load it.
 2023-01-03 17:39:11,995 DEBUG [main] cache:45 - TemplateLoader.findTemplateSource("nav_en_US.ftl"): Not found
 2023-01-03 17:39:11,996 DEBUG [main] cache:45 - TemplateLoader.findTemplateSource("nav_en.ftl"): Not found
 2023-01-03 17:39:11,996 DEBUG [main] cache:45 - TemplateLoader.findTemplateSource("nav.ftl"): Found
 2023-01-03 17:39:11,997 DEBUG [main] cache:45 - Loading template for "nav.ftl"("en_US", UTF-8, parsed) from "jar:file:/C:/Users/Shiva/.m2/repository/com/aventstack/extentreports/3.0.0/extentreports-3.0.0.jar!/com/aventstack/extentreports/view/nav.ftl"
 2023-01-03 17:39:12,165 DEBUG [main] cache:45 - Couldn't find template in cache for "test-view/test-view.ftl"("en_US", UTF-8, parsed); will try to load it.
 2023-01-03 17:39:12,168 DEBUG [main] cache:45 - TemplateLoader.findTemplateSource("test-view/test-view_en_US.ftl"): Not found
 2023-01-03 17:39:12,170 DEBUG [main] cache:45 - TemplateLoader.findTemplateSource("test-view/test-view_en.ftl"): Not found
 2023-01-03 17:39:12,189 DEBUG [main] cache:45 - TemplateLoader.findTemplateSource("test-view/test-view.ftl"): Found
 2023-01-03 17:39:12,190 DEBUG [main] cache:45 - Loading template for "test-view/test-view.ftl"("en_US", UTF-8, parsed) from "jar:file:/C:/Users/Shiva/.m2/repository/com/aventstack/extentreports/3.0.0/extentreports-3.0.0.jar!/com/aventstack/extentreports/view/test-view/test-view.ftl"
 2023-01-03 17:39:13,180 DEBUG [main] cache:45 - Couldn't find template in cache for "test-view/test-view-charts.ftl"("en_US", UTF-8, parsed); will try to load it.
 2023-01-03 17:39:13,181 DEBUG [main] cache:45 - TemplateLoader.findTemplateSource("test-view/test-view-charts_en_US.ftl"): Not found
 2023-01-03 17:39:13,182 DEBUG [main] cache:45 - TemplateLoader.findTemplateSource("test-view/test-view-charts_en.ftl"): Not found
 2023-01-03 17:39:13,183 DEBUG [main] cache:45 - TemplateLoader.findTemplateSource("test-view/test-view-charts.ftl"): Found
 2023-01-03 17:39:13,183 DEBUG [main] cache:45 - Loading template for "test-view/test-view-charts.ftl"("en_US", UTF-8, parsed) from "jar:file:/C:/Users/Shiva/.m2/repository/com/aventstack/extentreports/3.0.0/extentreports-3.0.0.jar!/com/aventstack/extentreports/view/test-view/test-view-charts.ftl"
 2023-01-03 17:39:13,195 DEBUG [main] cache:45 - Couldn't find template in cache for "test-view/standard.ftl"("en_US", UTF-8, parsed); will try to load it.
 2023-01-03 17:39:13,196 DEBUG [main] cache:45 - TemplateLoader.findTemplateSource("test-view/standard_en_US.ftl"): Not found
 2023-01-03 17:39:13,197 DEBUG [main] cache:45 - TemplateLoader.findTemplateSource("test-view/standard_en.ftl"): Not found
 2023-01-03 17:39:13,198 DEBUG [main] cache:45 - TemplateLoader.findTemplateSource("test-view/standard.ftl"): Found
 2023-01-03 17:39:13,198 DEBUG [main] cache:45 - Loading template for "test-view/standard.ftl"("en_US", UTF-8, parsed) from "jar:file:/C:/Users/Shiva/.m2/repository/com/aventstack/extentreports/3.0.0/extentreports-3.0.0.jar!/com/aventstack/extentreports/view/test-view/standard.ftl"
 2023-01-03 17:39:13,209 DEBUG [main] cache:45 - "test-view/standard.ftl"("en_US", UTF-8, parsed) cached copy not yet stale; using cached.
 2023-01-03 17:39:13,210 DEBUG [main] cache:45 - Couldn't find template in cache for "category-view/category-view.ftl"("en_US", UTF-8, parsed); will try to load it.
 2023-01-03 17:39:13,211 DEBUG [main] cache:45 - TemplateLoader.findTemplateSource("category-view/category-view_en_US.ftl"): Not found
 2023-01-03 17:39:13,212 DEBUG [main] cache:45 - TemplateLoader.findTemplateSource("category-view/category-view_en.ftl"): Not found
 2023-01-03 17:39:13,213 DEBUG [main] cache:45 - TemplateLoader.findTemplateSource("category-view/category-view.ftl"): Found
 2023-01-03 17:39:13,213 DEBUG [main] cache:45 - Loading template for "category-view/category-view.ftl"("en_US", UTF-8, parsed) from "jar:file:/C:/Users/Shiva/.m2/repository/com/aventstack/extentreports/3.0.0/extentreports-3.0.0.jar!/com/aventstack/extentreports/view/category-view/category-view.ftl"
 2023-01-03 17:39:13,217 DEBUG [main] cache:45 - Couldn't find template in cache for "exception-view/exception-view.ftl"("en_US", UTF-8, parsed); will try to load it.
 2023-01-03 17:39:13,218 DEBUG [main] cache:45 - TemplateLoader.findTemplateSource("exception-view/exception-view_en_US.ftl"): Not found
 2023-01-03 17:39:13,219 DEBUG [main] cache:45 - TemplateLoader.findTemplateSource("exception-view/exception-view_en.ftl"): Not found
 2023-01-03 17:39:13,219 DEBUG [main] cache:45 - TemplateLoader.findTemplateSource("exception-view/exception-view.ftl"): Found
 2023-01-03 17:39:13,220 DEBUG [main] cache:45 - Loading template for "exception-view/exception-view.ftl"("en_US", UTF-8, parsed) from "jar:file:/C:/Users/Shiva/.m2/repository/com/aventstack/extentreports/3.0.0/extentreports-3.0.0.jar!/com/aventstack/extentreports/view/exception-view/exception-view.ftl"
 2023-01-03 17:39:13,223 DEBUG [main] cache:45 - Couldn't find template in cache for "dashboard-view/dashboard-view.ftl"("en_US", UTF-8, parsed); will try to load it.
 2023-01-03 17:39:13,224 DEBUG [main] cache:45 - TemplateLoader.findTemplateSource("dashboard-view/dashboard-view_en_US.ftl"): Not found
 2023-01-03 17:39:13,284 DEBUG [main] cache:45 - TemplateLoader.findTemplateSource("dashboard-view/dashboard-view_en.ftl"): Not found
 2023-01-03 17:39:13,285 DEBUG [main] cache:45 - TemplateLoader.findTemplateSource("dashboard-view/dashboard-view.ftl"): Found
 2023-01-03 17:39:13,285 DEBUG [main] cache:45 - Loading template for "dashboard-view/dashboard-view.ftl"("en_US", UTF-8, parsed) from "jar:file:/C:/Users/Shiva/.m2/repository/com/aventstack/extentreports/3.0.0/extentreports-3.0.0.jar!/com/aventstack/extentreports/view/dashboard-view/dashboard-view.ftl"
 2023-01-03 17:39:13,387 ERROR [main] runtime:60 - Error executing FreeMarker template
 FreeMarker template error:
The following has evaluated to null or missing:
==> sa.value  [in template "dashboard-view/dashboard-view.ftl" at line 57, column 64]

----
Tip: It's the step after the last dot that caused this error, not those before it.
----
Tip: If the failing expression is known to be legally refer to something that's sometimes null or missing, either specify a default value like myOptionalVar!myDefault, or use <#if myOptionalVar??>when-present<#else>when-missing</#if>. (These only cover the last step of the expression; to cover the whole expression, use parenthesis: (myOptionalVar.foo)!myDefault, (myOptionalVar.foo)??
----

----
FTL stack trace ("~" means nesting-related):
	- Failed at: ${sa.value}  [in template "dashboard-view/dashboard-view.ftl" at line 57, column 61]
	- Reached through: #include "dashboard-view/dashboard-vi...  [in template "extent.ftl" at line 45, column 25]
----

Java stack trace (for programmers):
----
freemarker.core.InvalidReferenceException: [... Exception message was already printed; see it above ...]
	at freemarker.core.InvalidReferenceException.getInstance(InvalidReferenceException.java:131)
	at freemarker.core.EvalUtil.coerceModelToString(EvalUtil.java:355)
	at freemarker.core.Expression.evalAndCoerceToString(Expression.java:82)
	at freemarker.core.DollarVariable.accept(DollarVariable.java:41)
	at freemarker.core.Environment.visit(Environment.java:324)
	at freemarker.core.MixedContent.accept(MixedContent.java:54)
	at freemarker.core.Environment.visitByHiddingParent(Environment.java:345)
	at freemarker.core.IteratorBlock$IterationContext.executeNestedBlockInner(IteratorBlock.java:268)
	at freemarker.core.IteratorBlock$IterationContext.executeNestedBlock(IteratorBlock.java:220)
	at freemarker.core.IteratorBlock$IterationContext.accept(IteratorBlock.java:194)
	at freemarker.core.Environment.visitIteratorBlock(Environment.java:572)
	at freemarker.core.IteratorBlock.acceptWithResult(IteratorBlock.java:78)
	at freemarker.core.IteratorBlock.accept(IteratorBlock.java:64)
	at freemarker.core.Environment.visit(Environment.java:324)
	at freemarker.core.MixedContent.accept(MixedContent.java:54)
	at freemarker.core.Environment.visitByHiddingParent(Environment.java:345)
	at freemarker.core.ConditionalBlock.accept(ConditionalBlock.java:48)
	at freemarker.core.Environment.visit(Environment.java:324)
	at freemarker.core.MixedContent.accept(MixedContent.java:54)
	at freemarker.core.Environment.visit(Environment.java:324)
	at freemarker.core.Environment.include(Environment.java:2072)
	at freemarker.core.Include.accept(Include.java:167)
	at freemarker.core.Environment.visit(Environment.java:324)
	at freemarker.core.MixedContent.accept(MixedContent.java:54)
	at freemarker.core.Environment.visit(Environment.java:324)
	at freemarker.core.Environment.process(Environment.java:302)
	at freemarker.template.Template.process(Template.java:325)
	at com.aventstack.extentreports.reporter.ExtentHtmlReporter.flush(ExtentHtmlReporter.java:121)
	at java.base/java.util.ArrayList.forEach(ArrayList.java:1511)
	at com.aventstack.extentreports.Report.notifyReporters(Report.java:165)
	at com.aventstack.extentreports.Report.flush(Report.java:122)
	at com.aventstack.extentreports.ExtentReports.flush(ExtentReports.java:257)
	at Tests.TestBase.quit(TestBase.java:113)
	at java.base/jdk.internal.reflect.NativeMethodAccessorImpl.invoke0(Native Method)
	at java.base/jdk.internal.reflect.NativeMethodAccessorImpl.invoke(NativeMethodAccessorImpl.java:77)
	at java.base/jdk.internal.reflect.DelegatingMethodAccessorImpl.invoke(DelegatingMethodAccessorImpl.java:43)
	at java.base/java.lang.reflect.Method.invoke(Method.java:568)
	at org.testng.internal.invokers.MethodInvocationHelper.invokeMethod(MethodInvocationHelper.java:139)
	at org.testng.internal.invokers.MethodInvocationHelper.invokeMethodConsideringTimeout(MethodInvocationHelper.java:69)
	at org.testng.internal.invokers.ConfigInvoker.invokeConfigurationMethod(ConfigInvoker.java:361)
	at org.testng.internal.invokers.ConfigInvoker.invokeConfigurations(ConfigInvoker.java:296)
	at org.testng.SuiteRunner.privateRun(SuiteRunner.java:404)
	at org.testng.SuiteRunner.run(SuiteRunner.java:330)
	at org.testng.SuiteRunnerWorker.runSuite(SuiteRunnerWorker.java:52)
	at org.testng.SuiteRunnerWorker.run(SuiteRunnerWorker.java:95)
	at org.testng.TestNG.runSuitesSequentially(TestNG.java:1256)
	at org.testng.TestNG.runSuitesLocally(TestNG.java:1176)
	at org.testng.TestNG.runSuites(TestNG.java:1099)
	at org.testng.TestNG.run(TestNG.java:1067)
	at com.intellij.rt.testng.IDEARemoteTestNG.run(IDEARemoteTestNG.java:66)
	at com.intellij.rt.testng.RemoteTestNGStarter.main(RemoteTestNGStarter.java:109)
2023-01-04 13:26:27,687 DEBUG [main] cache:45 - Couldn't find template in cache for "extent.ftl"("en_US", UTF-8, parsed); will try to load it.
 2023-01-04 13:26:27,694 DEBUG [main] cache:45 - TemplateLoader.findTemplateSource("extent_en_US.ftl"): Not found
 2023-01-04 13:26:27,697 DEBUG [main] cache:45 - TemplateLoader.findTemplateSource("extent_en.ftl"): Not found
 2023-01-04 13:26:27,700 DEBUG [main] cache:45 - TemplateLoader.findTemplateSource("extent.ftl"): Found
 2023-01-04 13:26:27,701 DEBUG [main] cache:45 - Loading template for "extent.ftl"("en_US", UTF-8, parsed) from "jar:file:/C:/Users/Shiva/.m2/repository/com/aventstack/extentreports/3.0.0/extentreports-3.0.0.jar!/com/aventstack/extentreports/view/extent.ftl"
 2023-01-04 13:26:27,995 DEBUG [main] cache:45 - Couldn't find template in cache for "head.ftl"("en_US", UTF-8, parsed); will try to load it.
 2023-01-04 13:26:27,997 DEBUG [main] cache:45 - TemplateLoader.findTemplateSource("head_en_US.ftl"): Not found
 2023-01-04 13:26:27,998 DEBUG [main] cache:45 - TemplateLoader.findTemplateSource("head_en.ftl"): Not found
 2023-01-04 13:26:28,000 DEBUG [main] cache:45 - TemplateLoader.findTemplateSource("head.ftl"): Found
 2023-01-04 13:26:28,001 DEBUG [main] cache:45 - Loading template for "head.ftl"("en_US", UTF-8, parsed) from "jar:file:/C:/Users/Shiva/.m2/repository/com/aventstack/extentreports/3.0.0/extentreports-3.0.0.jar!/com/aventstack/extentreports/view/head.ftl"
 2023-01-04 13:26:28,005 DEBUG [main] cache:45 - Couldn't find template in cache for "nav.ftl"("en_US", UTF-8, parsed); will try to load it.
 2023-01-04 13:26:28,007 DEBUG [main] cache:45 - TemplateLoader.findTemplateSource("nav_en_US.ftl"): Not found
 2023-01-04 13:26:28,008 DEBUG [main] cache:45 - TemplateLoader.findTemplateSource("nav_en.ftl"): Not found
 2023-01-04 13:26:28,009 DEBUG [main] cache:45 - TemplateLoader.findTemplateSource("nav.ftl"): Found
 2023-01-04 13:26:28,009 DEBUG [main] cache:45 - Loading template for "nav.ftl"("en_US", UTF-8, parsed) from "jar:file:/C:/Users/Shiva/.m2/repository/com/aventstack/extentreports/3.0.0/extentreports-3.0.0.jar!/com/aventstack/extentreports/view/nav.ftl"
 2023-01-04 13:26:28,021 DEBUG [main] cache:45 - Couldn't find template in cache for "test-view/test-view.ftl"("en_US", UTF-8, parsed); will try to load it.
 2023-01-04 13:26:28,025 DEBUG [main] cache:45 - TemplateLoader.findTemplateSource("test-view/test-view_en_US.ftl"): Not found
 2023-01-04 13:26:28,027 DEBUG [main] cache:45 - TemplateLoader.findTemplateSource("test-view/test-view_en.ftl"): Not found
 2023-01-04 13:26:28,028 DEBUG [main] cache:45 - TemplateLoader.findTemplateSource("test-view/test-view.ftl"): Found
 2023-01-04 13:26:28,029 DEBUG [main] cache:45 - Loading template for "test-view/test-view.ftl"("en_US", UTF-8, parsed) from "jar:file:/C:/Users/Shiva/.m2/repository/com/aventstack/extentreports/3.0.0/extentreports-3.0.0.jar!/com/aventstack/extentreports/view/test-view/test-view.ftl"
 2023-01-04 13:26:28,096 DEBUG [main] cache:45 - Couldn't find template in cache for "test-view/test-view-charts.ftl"("en_US", UTF-8, parsed); will try to load it.
 2023-01-04 13:26:28,098 DEBUG [main] cache:45 - TemplateLoader.findTemplateSource("test-view/test-view-charts_en_US.ftl"): Not found
 2023-01-04 13:26:28,100 DEBUG [main] cache:45 - TemplateLoader.findTemplateSource("test-view/test-view-charts_en.ftl"): Not found
 2023-01-04 13:26:28,102 DEBUG [main] cache:45 - TemplateLoader.findTemplateSource("test-view/test-view-charts.ftl"): Found
 2023-01-04 13:26:28,103 DEBUG [main] cache:45 - Loading template for "test-view/test-view-charts.ftl"("en_US", UTF-8, parsed) from "jar:file:/C:/Users/Shiva/.m2/repository/com/aventstack/extentreports/3.0.0/extentreports-3.0.0.jar!/com/aventstack/extentreports/view/test-view/test-view-charts.ftl"
 2023-01-04 13:26:28,122 DEBUG [main] cache:45 - Couldn't find template in cache for "test-view/standard.ftl"("en_US", UTF-8, parsed); will try to load it.
 2023-01-04 13:26:28,123 DEBUG [main] cache:45 - TemplateLoader.findTemplateSource("test-view/standard_en_US.ftl"): Not found
 2023-01-04 13:26:28,124 DEBUG [main] cache:45 - TemplateLoader.findTemplateSource("test-view/standard_en.ftl"): Not found
 2023-01-04 13:26:28,126 DEBUG [main] cache:45 - TemplateLoader.findTemplateSource("test-view/standard.ftl"): Found
 2023-01-04 13:26:28,127 DEBUG [main] cache:45 - Loading template for "test-view/standard.ftl"("en_US", UTF-8, parsed) from "jar:file:/C:/Users/Shiva/.m2/repository/com/aventstack/extentreports/3.0.0/extentreports-3.0.0.jar!/com/aventstack/extentreports/view/test-view/standard.ftl"
 2023-01-04 13:26:28,149 DEBUG [main] cache:45 - "test-view/standard.ftl"("en_US", UTF-8, parsed) cached copy not yet stale; using cached.
 2023-01-04 13:26:28,150 DEBUG [main] cache:45 - Couldn't find template in cache for "category-view/category-view.ftl"("en_US", UTF-8, parsed); will try to load it.
 2023-01-04 13:26:28,152 DEBUG [main] cache:45 - TemplateLoader.findTemplateSource("category-view/category-view_en_US.ftl"): Not found
 2023-01-04 13:26:28,153 DEBUG [main] cache:45 - TemplateLoader.findTemplateSource("category-view/category-view_en.ftl"): Not found
 2023-01-04 13:26:28,155 DEBUG [main] cache:45 - TemplateLoader.findTemplateSource("category-view/category-view.ftl"): Found
 2023-01-04 13:26:28,156 DEBUG [main] cache:45 - Loading template for "category-view/category-view.ftl"("en_US", UTF-8, parsed) from "jar:file:/C:/Users/Shiva/.m2/repository/com/aventstack/extentreports/3.0.0/extentreports-3.0.0.jar!/com/aventstack/extentreports/view/category-view/category-view.ftl"
 2023-01-04 13:26:28,167 DEBUG [main] cache:45 - Couldn't find template in cache for "exception-view/exception-view.ftl"("en_US", UTF-8, parsed); will try to load it.
 2023-01-04 13:26:28,169 DEBUG [main] cache:45 - TemplateLoader.findTemplateSource("exception-view/exception-view_en_US.ftl"): Not found
 2023-01-04 13:26:28,171 DEBUG [main] cache:45 - TemplateLoader.findTemplateSource("exception-view/exception-view_en.ftl"): Not found
 2023-01-04 13:26:28,172 DEBUG [main] cache:45 - TemplateLoader.findTemplateSource("exception-view/exception-view.ftl"): Found
 2023-01-04 13:26:28,173 DEBUG [main] cache:45 - Loading template for "exception-view/exception-view.ftl"("en_US", UTF-8, parsed) from "jar:file:/C:/Users/Shiva/.m2/repository/com/aventstack/extentreports/3.0.0/extentreports-3.0.0.jar!/com/aventstack/extentreports/view/exception-view/exception-view.ftl"
 2023-01-04 13:26:28,179 DEBUG [main] cache:45 - Couldn't find template in cache for "dashboard-view/dashboard-view.ftl"("en_US", UTF-8, parsed); will try to load it.
 2023-01-04 13:26:28,181 DEBUG [main] cache:45 - TemplateLoader.findTemplateSource("dashboard-view/dashboard-view_en_US.ftl"): Not found
 2023-01-04 13:26:28,183 DEBUG [main] cache:45 - TemplateLoader.findTemplateSource("dashboard-view/dashboard-view_en.ftl"): Not found
 2023-01-04 13:26:28,185 DEBUG [main] cache:45 - TemplateLoader.findTemplateSource("dashboard-view/dashboard-view.ftl"): Found
 2023-01-04 13:26:28,185 DEBUG [main] cache:45 - Loading template for "dashboard-view/dashboard-view.ftl"("en_US", UTF-8, parsed) from "jar:file:/C:/Users/Shiva/.m2/repository/com/aventstack/extentreports/3.0.0/extentreports-3.0.0.jar!/com/aventstack/extentreports/view/dashboard-view/dashboard-view.ftl"
 2023-01-04 13:26:28,277 ERROR [main] runtime:60 - Error executing FreeMarker template
 FreeMarker template error:
The following has evaluated to null or missing:
==> sa.value  [in template "dashboard-view/dashboard-view.ftl" at line 57, column 64]

----
Tip: It's the step after the last dot that caused this error, not those before it.
----
Tip: If the failing expression is known to be legally refer to something that's sometimes null or missing, either specify a default value like myOptionalVar!myDefault, or use <#if myOptionalVar??>when-present<#else>when-missing</#if>. (These only cover the last step of the expression; to cover the whole expression, use parenthesis: (myOptionalVar.foo)!myDefault, (myOptionalVar.foo)??
----

----
FTL stack trace ("~" means nesting-related):
	- Failed at: ${sa.value}  [in template "dashboard-view/dashboard-view.ftl" at line 57, column 61]
	- Reached through: #include "dashboard-view/dashboard-vi...  [in template "extent.ftl" at line 45, column 25]
----

Java stack trace (for programmers):
----
freemarker.core.InvalidReferenceException: [... Exception message was already printed; see it above ...]
	at freemarker.core.InvalidReferenceException.getInstance(InvalidReferenceException.java:131)
	at freemarker.core.EvalUtil.coerceModelToString(EvalUtil.java:355)
	at freemarker.core.Expression.evalAndCoerceToString(Expression.java:82)
	at freemarker.core.DollarVariable.accept(DollarVariable.java:41)
	at freemarker.core.Environment.visit(Environment.java:324)
	at freemarker.core.MixedContent.accept(MixedContent.java:54)
	at freemarker.core.Environment.visitByHiddingParent(Environment.java:345)
	at freemarker.core.IteratorBlock$IterationContext.executeNestedBlockInner(IteratorBlock.java:268)
	at freemarker.core.IteratorBlock$IterationContext.executeNestedBlock(IteratorBlock.java:220)
	at freemarker.core.IteratorBlock$IterationContext.accept(IteratorBlock.java:194)
	at freemarker.core.Environment.visitIteratorBlock(Environment.java:572)
	at freemarker.core.IteratorBlock.acceptWithResult(IteratorBlock.java:78)
	at freemarker.core.IteratorBlock.accept(IteratorBlock.java:64)
	at freemarker.core.Environment.visit(Environment.java:324)
	at freemarker.core.MixedContent.accept(MixedContent.java:54)
	at freemarker.core.Environment.visitByHiddingParent(Environment.java:345)
	at freemarker.core.ConditionalBlock.accept(ConditionalBlock.java:48)
	at freemarker.core.Environment.visit(Environment.java:324)
	at freemarker.core.MixedContent.accept(MixedContent.java:54)
	at freemarker.core.Environment.visit(Environment.java:324)
	at freemarker.core.Environment.include(Environment.java:2072)
	at freemarker.core.Include.accept(Include.java:167)
	at freemarker.core.Environment.visit(Environment.java:324)
	at freemarker.core.MixedContent.accept(MixedContent.java:54)
	at freemarker.core.Environment.visit(Environment.java:324)
	at freemarker.core.Environment.process(Environment.java:302)
	at freemarker.template.Template.process(Template.java:325)
	at com.aventstack.extentreports.reporter.ExtentHtmlReporter.flush(ExtentHtmlReporter.java:121)
	at java.base/java.util.ArrayList.forEach(ArrayList.java:1511)
	at com.aventstack.extentreports.Report.notifyReporters(Report.java:165)
	at com.aventstack.extentreports.Report.flush(Report.java:122)
	at com.aventstack.extentreports.ExtentReports.flush(ExtentReports.java:257)
	at Tests.TestBase.quit(TestBase.java:113)
	at java.base/jdk.internal.reflect.NativeMethodAccessorImpl.invoke0(Native Method)
	at java.base/jdk.internal.reflect.NativeMethodAccessorImpl.invoke(NativeMethodAccessorImpl.java:77)
	at java.base/jdk.internal.reflect.DelegatingMethodAccessorImpl.invoke(DelegatingMethodAccessorImpl.java:43)
	at java.base/java.lang.reflect.Method.invoke(Method.java:568)
	at org.testng.internal.invokers.MethodInvocationHelper.invokeMethod(MethodInvocationHelper.java:139)
	at org.testng.internal.invokers.MethodInvocationHelper.invokeMethodConsideringTimeout(MethodInvocationHelper.java:69)
	at org.testng.internal.invokers.ConfigInvoker.invokeConfigurationMethod(ConfigInvoker.java:361)
	at org.testng.internal.invokers.ConfigInvoker.invokeConfigurations(ConfigInvoker.java:296)
	at org.testng.SuiteRunner.privateRun(SuiteRunner.java:404)
	at org.testng.SuiteRunner.run(SuiteRunner.java:330)
	at org.testng.SuiteRunnerWorker.runSuite(SuiteRunnerWorker.java:52)
	at org.testng.SuiteRunnerWorker.run(SuiteRunnerWorker.java:95)
	at org.testng.TestNG.runSuitesSequentially(TestNG.java:1256)
	at org.testng.TestNG.runSuitesLocally(TestNG.java:1176)
	at org.testng.TestNG.runSuites(TestNG.java:1099)
	at org.testng.TestNG.run(TestNG.java:1067)
	at com.intellij.rt.testng.IDEARemoteTestNG.run(IDEARemoteTestNG.java:66)
	at com.intellij.rt.testng.RemoteTestNGStarter.main(RemoteTestNGStarter.java:109)
2023-01-04 13:38:04,964 DEBUG [main] cache:45 - Couldn't find template in cache for "extent.ftl"("en_US", UTF-8, parsed); will try to load it.
 2023-01-04 13:38:04,968 DEBUG [main] cache:45 - TemplateLoader.findTemplateSource("extent_en_US.ftl"): Not found
 2023-01-04 13:38:04,970 DEBUG [main] cache:45 - TemplateLoader.findTemplateSource("extent_en.ftl"): Not found
 2023-01-04 13:38:04,972 DEBUG [main] cache:45 - TemplateLoader.findTemplateSource("extent.ftl"): Found
 2023-01-04 13:38:04,973 DEBUG [main] cache:45 - Loading template for "extent.ftl"("en_US", UTF-8, parsed) from "jar:file:/C:/Users/Shiva/.m2/repository/com/aventstack/extentreports/3.0.0/extentreports-3.0.0.jar!/com/aventstack/extentreports/view/extent.ftl"
 2023-01-04 13:38:05,222 DEBUG [main] cache:45 - Couldn't find template in cache for "head.ftl"("en_US", UTF-8, parsed); will try to load it.
 2023-01-04 13:38:05,224 DEBUG [main] cache:45 - TemplateLoader.findTemplateSource("head_en_US.ftl"): Not found
 2023-01-04 13:38:05,226 DEBUG [main] cache:45 - TemplateLoader.findTemplateSource("head_en.ftl"): Not found
 2023-01-04 13:38:05,227 DEBUG [main] cache:45 - TemplateLoader.findTemplateSource("head.ftl"): Found
 2023-01-04 13:38:05,228 DEBUG [main] cache:45 - Loading template for "head.ftl"("en_US", UTF-8, parsed) from "jar:file:/C:/Users/Shiva/.m2/repository/com/aventstack/extentreports/3.0.0/extentreports-3.0.0.jar!/com/aventstack/extentreports/view/head.ftl"
 2023-01-04 13:38:05,232 DEBUG [main] cache:45 - Couldn't find template in cache for "nav.ftl"("en_US", UTF-8, parsed); will try to load it.
 2023-01-04 13:38:05,233 DEBUG [main] cache:45 - TemplateLoader.findTemplateSource("nav_en_US.ftl"): Not found
 2023-01-04 13:38:05,234 DEBUG [main] cache:45 - TemplateLoader.findTemplateSource("nav_en.ftl"): Not found
 2023-01-04 13:38:05,235 DEBUG [main] cache:45 - TemplateLoader.findTemplateSource("nav.ftl"): Found
 2023-01-04 13:38:05,236 DEBUG [main] cache:45 - Loading template for "nav.ftl"("en_US", UTF-8, parsed) from "jar:file:/C:/Users/Shiva/.m2/repository/com/aventstack/extentreports/3.0.0/extentreports-3.0.0.jar!/com/aventstack/extentreports/view/nav.ftl"
 2023-01-04 13:38:05,248 DEBUG [main] cache:45 - Couldn't find template in cache for "test-view/test-view.ftl"("en_US", UTF-8, parsed); will try to load it.
 2023-01-04 13:38:05,251 DEBUG [main] cache:45 - TemplateLoader.findTemplateSource("test-view/test-view_en_US.ftl"): Not found
 2023-01-04 13:38:05,252 DEBUG [main] cache:45 - TemplateLoader.findTemplateSource("test-view/test-view_en.ftl"): Not found
 2023-01-04 13:38:05,274 DEBUG [main] cache:45 - TemplateLoader.findTemplateSource("test-view/test-view.ftl"): Found
 2023-01-04 13:38:05,275 DEBUG [main] cache:45 - Loading template for "test-view/test-view.ftl"("en_US", UTF-8, parsed) from "jar:file:/C:/Users/Shiva/.m2/repository/com/aventstack/extentreports/3.0.0/extentreports-3.0.0.jar!/com/aventstack/extentreports/view/test-view/test-view.ftl"
 2023-01-04 13:38:05,408 DEBUG [main] cache:45 - Couldn't find template in cache for "test-view/test-view-charts.ftl"("en_US", UTF-8, parsed); will try to load it.
 2023-01-04 13:38:05,411 DEBUG [main] cache:45 - TemplateLoader.findTemplateSource("test-view/test-view-charts_en_US.ftl"): Not found
 2023-01-04 13:38:05,412 DEBUG [main] cache:45 - TemplateLoader.findTemplateSource("test-view/test-view-charts_en.ftl"): Not found
 2023-01-04 13:38:05,416 DEBUG [main] cache:45 - TemplateLoader.findTemplateSource("test-view/test-view-charts.ftl"): Found
 2023-01-04 13:38:05,416 DEBUG [main] cache:45 - Loading template for "test-view/test-view-charts.ftl"("en_US", UTF-8, parsed) from "jar:file:/C:/Users/Shiva/.m2/repository/com/aventstack/extentreports/3.0.0/extentreports-3.0.0.jar!/com/aventstack/extentreports/view/test-view/test-view-charts.ftl"
 2023-01-04 13:38:05,467 DEBUG [main] cache:45 - Couldn't find template in cache for "test-view/standard.ftl"("en_US", UTF-8, parsed); will try to load it.
 2023-01-04 13:38:05,469 DEBUG [main] cache:45 - TemplateLoader.findTemplateSource("test-view/standard_en_US.ftl"): Not found
 2023-01-04 13:38:05,483 DEBUG [main] cache:45 - TemplateLoader.findTemplateSource("test-view/standard_en.ftl"): Not found
 2023-01-04 13:38:05,485 DEBUG [main] cache:45 - TemplateLoader.findTemplateSource("test-view/standard.ftl"): Found
 2023-01-04 13:38:05,486 DEBUG [main] cache:45 - Loading template for "test-view/standard.ftl"("en_US", UTF-8, parsed) from "jar:file:/C:/Users/Shiva/.m2/repository/com/aventstack/extentreports/3.0.0/extentreports-3.0.0.jar!/com/aventstack/extentreports/view/test-view/standard.ftl"
 2023-01-04 13:38:05,528 DEBUG [main] cache:45 - "test-view/standard.ftl"("en_US", UTF-8, parsed) cached copy not yet stale; using cached.
 2023-01-04 13:38:05,532 DEBUG [main] cache:45 - Couldn't find template in cache for "category-view/category-view.ftl"("en_US", UTF-8, parsed); will try to load it.
 2023-01-04 13:38:05,533 DEBUG [main] cache:45 - TemplateLoader.findTemplateSource("category-view/category-view_en_US.ftl"): Not found
 2023-01-04 13:38:05,535 DEBUG [main] cache:45 - TemplateLoader.findTemplateSource("category-view/category-view_en.ftl"): Not found
 2023-01-04 13:38:05,538 DEBUG [main] cache:45 - TemplateLoader.findTemplateSource("category-view/category-view.ftl"): Found
 2023-01-04 13:38:05,545 DEBUG [main] cache:45 - Loading template for "category-view/category-view.ftl"("en_US", UTF-8, parsed) from "jar:file:/C:/Users/Shiva/.m2/repository/com/aventstack/extentreports/3.0.0/extentreports-3.0.0.jar!/com/aventstack/extentreports/view/category-view/category-view.ftl"
 2023-01-04 13:38:05,567 DEBUG [main] cache:45 - Couldn't find template in cache for "exception-view/exception-view.ftl"("en_US", UTF-8, parsed); will try to load it.
 2023-01-04 13:38:05,568 DEBUG [main] cache:45 - TemplateLoader.findTemplateSource("exception-view/exception-view_en_US.ftl"): Not found
 2023-01-04 13:38:05,569 DEBUG [main] cache:45 - TemplateLoader.findTemplateSource("exception-view/exception-view_en.ftl"): Not found
 2023-01-04 13:38:05,571 DEBUG [main] cache:45 - TemplateLoader.findTemplateSource("exception-view/exception-view.ftl"): Found
 2023-01-04 13:38:05,572 DEBUG [main] cache:45 - Loading template for "exception-view/exception-view.ftl"("en_US", UTF-8, parsed) from "jar:file:/C:/Users/Shiva/.m2/repository/com/aventstack/extentreports/3.0.0/extentreports-3.0.0.jar!/com/aventstack/extentreports/view/exception-view/exception-view.ftl"
 2023-01-04 13:38:05,581 DEBUG [main] cache:45 - Couldn't find template in cache for "dashboard-view/dashboard-view.ftl"("en_US", UTF-8, parsed); will try to load it.
 2023-01-04 13:38:05,582 DEBUG [main] cache:45 - TemplateLoader.findTemplateSource("dashboard-view/dashboard-view_en_US.ftl"): Not found
 2023-01-04 13:38:05,600 DEBUG [main] cache:45 - TemplateLoader.findTemplateSource("dashboard-view/dashboard-view_en.ftl"): Not found
 2023-01-04 13:38:05,605 DEBUG [main] cache:45 - TemplateLoader.findTemplateSource("dashboard-view/dashboard-view.ftl"): Found
 2023-01-04 13:38:05,610 DEBUG [main] cache:45 - Loading template for "dashboard-view/dashboard-view.ftl"("en_US", UTF-8, parsed) from "jar:file:/C:/Users/Shiva/.m2/repository/com/aventstack/extentreports/3.0.0/extentreports-3.0.0.jar!/com/aventstack/extentreports/view/dashboard-view/dashboard-view.ftl"
 2023-01-04 13:38:05,642 ERROR [main] runtime:60 - Error executing FreeMarker template
 FreeMarker template error:
The following has evaluated to null or missing:
==> sa.value  [in template "dashboard-view/dashboard-view.ftl" at line 57, column 64]

----
Tip: It's the step after the last dot that caused this error, not those before it.
----
Tip: If the failing expression is known to be legally refer to something that's sometimes null or missing, either specify a default value like myOptionalVar!myDefault, or use <#if myOptionalVar??>when-present<#else>when-missing</#if>. (These only cover the last step of the expression; to cover the whole expression, use parenthesis: (myOptionalVar.foo)!myDefault, (myOptionalVar.foo)??
----

----
FTL stack trace ("~" means nesting-related):
	- Failed at: ${sa.value}  [in template "dashboard-view/dashboard-view.ftl" at line 57, column 61]
	- Reached through: #include "dashboard-view/dashboard-vi...  [in template "extent.ftl" at line 45, column 25]
----

Java stack trace (for programmers):
----
freemarker.core.InvalidReferenceException: [... Exception message was already printed; see it above ...]
	at freemarker.core.InvalidReferenceException.getInstance(InvalidReferenceException.java:131)
	at freemarker.core.EvalUtil.coerceModelToString(EvalUtil.java:355)
	at freemarker.core.Expression.evalAndCoerceToString(Expression.java:82)
	at freemarker.core.DollarVariable.accept(DollarVariable.java:41)
	at freemarker.core.Environment.visit(Environment.java:324)
	at freemarker.core.MixedContent.accept(MixedContent.java:54)
	at freemarker.core.Environment.visitByHiddingParent(Environment.java:345)
	at freemarker.core.IteratorBlock$IterationContext.executeNestedBlockInner(IteratorBlock.java:268)
	at freemarker.core.IteratorBlock$IterationContext.executeNestedBlock(IteratorBlock.java:220)
	at freemarker.core.IteratorBlock$IterationContext.accept(IteratorBlock.java:194)
	at freemarker.core.Environment.visitIteratorBlock(Environment.java:572)
	at freemarker.core.IteratorBlock.acceptWithResult(IteratorBlock.java:78)
	at freemarker.core.IteratorBlock.accept(IteratorBlock.java:64)
	at freemarker.core.Environment.visit(Environment.java:324)
	at freemarker.core.MixedContent.accept(MixedContent.java:54)
	at freemarker.core.Environment.visitByHiddingParent(Environment.java:345)
	at freemarker.core.ConditionalBlock.accept(ConditionalBlock.java:48)
	at freemarker.core.Environment.visit(Environment.java:324)
	at freemarker.core.MixedContent.accept(MixedContent.java:54)
	at freemarker.core.Environment.visit(Environment.java:324)
	at freemarker.core.Environment.include(Environment.java:2072)
	at freemarker.core.Include.accept(Include.java:167)
	at freemarker.core.Environment.visit(Environment.java:324)
	at freemarker.core.MixedContent.accept(MixedContent.java:54)
	at freemarker.core.Environment.visit(Environment.java:324)
	at freemarker.core.Environment.process(Environment.java:302)
	at freemarker.template.Template.process(Template.java:325)
	at com.aventstack.extentreports.reporter.ExtentHtmlReporter.flush(ExtentHtmlReporter.java:121)
	at java.base/java.util.ArrayList.forEach(ArrayList.java:1511)
	at com.aventstack.extentreports.Report.notifyReporters(Report.java:165)
	at com.aventstack.extentreports.Report.flush(Report.java:122)
	at com.aventstack.extentreports.ExtentReports.flush(ExtentReports.java:257)
	at Tests.TestBase.quit(TestBase.java:113)
	at java.base/jdk.internal.reflect.NativeMethodAccessorImpl.invoke0(Native Method)
	at java.base/jdk.internal.reflect.NativeMethodAccessorImpl.invoke(NativeMethodAccessorImpl.java:77)
	at java.base/jdk.internal.reflect.DelegatingMethodAccessorImpl.invoke(DelegatingMethodAccessorImpl.java:43)
	at java.base/java.lang.reflect.Method.invoke(Method.java:568)
	at org.testng.internal.invokers.MethodInvocationHelper.invokeMethod(MethodInvocationHelper.java:139)
	at org.testng.internal.invokers.MethodInvocationHelper.invokeMethodConsideringTimeout(MethodInvocationHelper.java:69)
	at org.testng.internal.invokers.ConfigInvoker.invokeConfigurationMethod(ConfigInvoker.java:361)
	at org.testng.internal.invokers.ConfigInvoker.invokeConfigurations(ConfigInvoker.java:296)
	at org.testng.SuiteRunner.privateRun(SuiteRunner.java:404)
	at org.testng.SuiteRunner.run(SuiteRunner.java:330)
	at org.testng.SuiteRunnerWorker.runSuite(SuiteRunnerWorker.java:52)
	at org.testng.SuiteRunnerWorker.run(SuiteRunnerWorker.java:95)
	at org.testng.TestNG.runSuitesSequentially(TestNG.java:1256)
	at org.testng.TestNG.runSuitesLocally(TestNG.java:1176)
	at org.testng.TestNG.runSuites(TestNG.java:1099)
	at org.testng.TestNG.run(TestNG.java:1067)
	at com.intellij.rt.testng.IDEARemoteTestNG.run(IDEARemoteTestNG.java:66)
	at com.intellij.rt.testng.RemoteTestNGStarter.main(RemoteTestNGStarter.java:109)
